2022-06-29 06:38:04,286 INFO Initialized logging
2022-06-29 06:38:10,653 INFO ResNet(
  (conv1): Conv2d(3, 64, kernel_size=(3, 3), stride=(1, 1), padding=(1, 1), bias=False)
  (bn1): BatchNorm2d(64, eps=1e-05, momentum=0.1, affine=True, track_running_stats=True)
  (layer1): Sequential(
    (0): BasicBlock(
      (conv1): Conv2d(64, 64, kernel_size=(3, 3), stride=(1, 1), padding=(1, 1), bias=False)
      (bn1): BatchNorm2d(64, eps=1e-05, momentum=0.1, affine=True, track_running_stats=True)
      (conv2): Conv2d(64, 64, kernel_size=(3, 3), stride=(1, 1), padding=(1, 1), bias=False)
      (bn2): BatchNorm2d(64, eps=1e-05, momentum=0.1, affine=True, track_running_stats=True)
      (shortcut): Sequential()
    )
    (1): BasicBlock(
      (conv1): Conv2d(64, 64, kernel_size=(3, 3), stride=(1, 1), padding=(1, 1), bias=False)
      (bn1): BatchNorm2d(64, eps=1e-05, momentum=0.1, affine=True, track_running_stats=True)
      (conv2): Conv2d(64, 64, kernel_size=(3, 3), stride=(1, 1), padding=(1, 1), bias=False)
      (bn2): BatchNorm2d(64, eps=1e-05, momentum=0.1, affine=True, track_running_stats=True)
      (shortcut): Sequential()
    )
  )
  (layer2): Sequential(
    (0): BasicBlock(
      (conv1): Conv2d(64, 128, kernel_size=(3, 3), stride=(2, 2), padding=(1, 1), bias=False)
      (bn1): BatchNorm2d(128, eps=1e-05, momentum=0.1, affine=True, track_running_stats=True)
      (conv2): Conv2d(128, 128, kernel_size=(3, 3), stride=(1, 1), padding=(1, 1), bias=False)
      (bn2): BatchNorm2d(128, eps=1e-05, momentum=0.1, affine=True, track_running_stats=True)
      (shortcut): Sequential(
        (0): Conv2d(64, 128, kernel_size=(1, 1), stride=(2, 2), bias=False)
        (1): BatchNorm2d(128, eps=1e-05, momentum=0.1, affine=True, track_running_stats=True)
      )
    )
    (1): BasicBlock(
      (conv1): Conv2d(128, 128, kernel_size=(3, 3), stride=(1, 1), padding=(1, 1), bias=False)
      (bn1): BatchNorm2d(128, eps=1e-05, momentum=0.1, affine=True, track_running_stats=True)
      (conv2): Conv2d(128, 128, kernel_size=(3, 3), stride=(1, 1), padding=(1, 1), bias=False)
      (bn2): BatchNorm2d(128, eps=1e-05, momentum=0.1, affine=True, track_running_stats=True)
      (shortcut): Sequential()
    )
  )
  (layer3): Sequential(
    (0): BasicBlock(
      (conv1): Conv2d(128, 256, kernel_size=(3, 3), stride=(2, 2), padding=(1, 1), bias=False)
      (bn1): BatchNorm2d(256, eps=1e-05, momentum=0.1, affine=True, track_running_stats=True)
      (conv2): Conv2d(256, 256, kernel_size=(3, 3), stride=(1, 1), padding=(1, 1), bias=False)
      (bn2): BatchNorm2d(256, eps=1e-05, momentum=0.1, affine=True, track_running_stats=True)
      (shortcut): Sequential(
        (0): Conv2d(128, 256, kernel_size=(1, 1), stride=(2, 2), bias=False)
        (1): BatchNorm2d(256, eps=1e-05, momentum=0.1, affine=True, track_running_stats=True)
      )
    )
    (1): BasicBlock(
      (conv1): Conv2d(256, 256, kernel_size=(3, 3), stride=(1, 1), padding=(1, 1), bias=False)
      (bn1): BatchNorm2d(256, eps=1e-05, momentum=0.1, affine=True, track_running_stats=True)
      (conv2): Conv2d(256, 256, kernel_size=(3, 3), stride=(1, 1), padding=(1, 1), bias=False)
      (bn2): BatchNorm2d(256, eps=1e-05, momentum=0.1, affine=True, track_running_stats=True)
      (shortcut): Sequential()
    )
  )
  (layer4): Sequential(
    (0): BasicBlock(
      (conv1): Conv2d(256, 512, kernel_size=(3, 3), stride=(2, 2), padding=(1, 1), bias=False)
      (bn1): BatchNorm2d(512, eps=1e-05, momentum=0.1, affine=True, track_running_stats=True)
      (conv2): Conv2d(512, 512, kernel_size=(3, 3), stride=(1, 1), padding=(1, 1), bias=False)
      (bn2): BatchNorm2d(512, eps=1e-05, momentum=0.1, affine=True, track_running_stats=True)
      (shortcut): Sequential(
        (0): Conv2d(256, 512, kernel_size=(1, 1), stride=(2, 2), bias=False)
        (1): BatchNorm2d(512, eps=1e-05, momentum=0.1, affine=True, track_running_stats=True)
      )
    )
    (1): BasicBlock(
      (conv1): Conv2d(512, 512, kernel_size=(3, 3), stride=(1, 1), padding=(1, 1), bias=False)
      (bn1): BatchNorm2d(512, eps=1e-05, momentum=0.1, affine=True, track_running_stats=True)
      (conv2): Conv2d(512, 512, kernel_size=(3, 3), stride=(1, 1), padding=(1, 1), bias=False)
      (bn2): BatchNorm2d(512, eps=1e-05, momentum=0.1, affine=True, track_running_stats=True)
      (shortcut): Sequential()
    )
  )
  (linear): Linear(in_features=512, out_features=10, bias=True)
)
2022-06-29 06:38:10,656 INFO Number of parameters: 11173962
2022-06-29 06:38:10,660 INFO Epoch 1
2022-06-29 06:39:02,266 INFO 
Test set: Average loss: 0.0084, Accuracy: 6182/10000 (62%)

2022-06-29 06:39:02,431 INFO Epoch 1 summary: {'epoch': 1, 'train_loss': tensor(0.8665, device='cuda:0', grad_fn=<NllLossBackward0>), 'train_acc': 53.332, 'valid_loss': 0.008398878037929535, 'valid_acc': 0.6182}
2022-06-29 06:39:02,439 INFO 

2022-06-29 06:39:02,452 INFO Epoch: 1, Train Loss: 0.866, Valid Loss: 0.008
2022-06-29 06:39:02,457 INFO Epoch 2
2022-06-29 06:39:54,741 INFO 
Test set: Average loss: 0.0061, Accuracy: 7309/10000 (73%)

2022-06-29 06:39:54,898 INFO Epoch 2 summary: {'epoch': 2, 'train_loss': tensor(0.9720, device='cuda:0', grad_fn=<NllLossBackward0>), 'train_acc': 73.728, 'valid_loss': 0.006075241255760193, 'valid_acc': 0.7309}
2022-06-29 06:39:54,906 INFO 

2022-06-29 06:39:54,911 INFO Epoch: 2, Train Loss: 0.972, Valid Loss: 0.006
2022-06-29 06:39:54,914 INFO Epoch 3
2022-06-29 06:40:47,618 INFO 
Test set: Average loss: 0.0065, Accuracy: 7314/10000 (73%)

2022-06-29 06:40:47,773 INFO Epoch 3 summary: {'epoch': 3, 'train_loss': tensor(0.4619, device='cuda:0', grad_fn=<NllLossBackward0>), 'train_acc': 81.784, 'valid_loss': 0.0064687879145145415, 'valid_acc': 0.7314}
2022-06-29 06:40:47,793 INFO 

2022-06-29 06:40:47,801 INFO Epoch: 3, Train Loss: 0.462, Valid Loss: 0.006
2022-06-29 06:40:47,807 INFO Epoch 4
2022-06-29 06:41:41,004 INFO 
Test set: Average loss: 0.0063, Accuracy: 7523/10000 (75%)

2022-06-29 06:41:41,160 INFO Epoch 4 summary: {'epoch': 4, 'train_loss': tensor(0.2373, device='cuda:0', grad_fn=<NllLossBackward0>), 'train_acc': 86.812, 'valid_loss': 0.0062727754175663, 'valid_acc': 0.7523}
2022-06-29 06:41:41,178 INFO 

2022-06-29 06:41:41,185 INFO Epoch: 4, Train Loss: 0.237, Valid Loss: 0.006
2022-06-29 06:41:41,191 INFO Epoch 5
2022-06-29 06:42:34,508 INFO 
Test set: Average loss: 0.0055, Accuracy: 7936/10000 (79%)

2022-06-29 06:42:34,665 INFO Epoch 5 summary: {'epoch': 5, 'train_loss': tensor(0.4656, device='cuda:0', grad_fn=<NllLossBackward0>), 'train_acc': 91.018, 'valid_loss': 0.005541312062740326, 'valid_acc': 0.7936}
2022-06-29 06:42:34,674 INFO 

2022-06-29 06:42:34,686 INFO Epoch: 5, Train Loss: 0.466, Valid Loss: 0.006
2022-06-29 06:42:34,690 INFO Epoch 6
2022-06-29 06:43:28,148 INFO 
Test set: Average loss: 0.0056, Accuracy: 7945/10000 (79%)

2022-06-29 06:43:28,304 INFO Epoch 6 summary: {'epoch': 6, 'train_loss': tensor(0.3481, device='cuda:0', grad_fn=<NllLossBackward0>), 'train_acc': 94.136, 'valid_loss': 0.0056310748308897015, 'valid_acc': 0.7945}
2022-06-29 06:43:28,316 INFO 

2022-06-29 06:43:28,324 INFO Epoch: 6, Train Loss: 0.348, Valid Loss: 0.006
2022-06-29 06:43:28,330 INFO Epoch 7
2022-06-29 06:44:21,664 INFO 
Test set: Average loss: 0.0076, Accuracy: 7734/10000 (77%)

2022-06-29 06:44:21,818 INFO Epoch 7 summary: {'epoch': 7, 'train_loss': tensor(0.2265, device='cuda:0', grad_fn=<NllLossBackward0>), 'train_acc': 96.07, 'valid_loss': 0.007570394188165665, 'valid_acc': 0.7734}
2022-06-29 06:44:21,826 INFO 

2022-06-29 06:44:21,840 INFO Epoch: 7, Train Loss: 0.226, Valid Loss: 0.008
2022-06-29 06:44:21,844 INFO Epoch 8
2022-06-29 06:45:15,532 INFO 
Test set: Average loss: 0.0067, Accuracy: 7992/10000 (80%)

2022-06-29 06:45:15,686 INFO Epoch 8 summary: {'epoch': 8, 'train_loss': tensor(0.2092, device='cuda:0', grad_fn=<NllLossBackward0>), 'train_acc': 97.474, 'valid_loss': 0.006746821913123131, 'valid_acc': 0.7992}
2022-06-29 06:45:15,701 INFO 

2022-06-29 06:45:15,706 INFO Epoch: 8, Train Loss: 0.209, Valid Loss: 0.007
2022-06-29 06:45:15,710 INFO Epoch 9
2022-06-29 06:46:08,941 INFO 
Test set: Average loss: 0.0066, Accuracy: 8048/10000 (80%)

2022-06-29 06:46:09,094 INFO Epoch 9 summary: {'epoch': 9, 'train_loss': tensor(0.0568, device='cuda:0', grad_fn=<NllLossBackward0>), 'train_acc': 98.05, 'valid_loss': 0.00660331385731697, 'valid_acc': 0.8048}
2022-06-29 06:46:09,107 INFO 

2022-06-29 06:46:09,111 INFO Epoch: 9, Train Loss: 0.057, Valid Loss: 0.007
2022-06-29 06:46:09,113 INFO Epoch 10
2022-06-29 06:47:03,674 INFO 
Test set: Average loss: 0.0075, Accuracy: 8013/10000 (80%)

2022-06-29 06:47:03,822 INFO Epoch 10 summary: {'epoch': 10, 'train_loss': tensor(0.0465, device='cuda:0', grad_fn=<NllLossBackward0>), 'train_acc': 98.722, 'valid_loss': 0.007532118368148804, 'valid_acc': 0.8013}
2022-06-29 06:47:03,829 INFO 

2022-06-29 06:47:03,834 INFO Epoch: 10, Train Loss: 0.046, Valid Loss: 0.008
2022-06-29 06:47:03,837 INFO Epoch 11
2022-06-29 06:47:57,240 INFO 
Test set: Average loss: 0.0065, Accuracy: 8205/10000 (82%)

2022-06-29 06:47:57,403 INFO Epoch 11 summary: {'epoch': 11, 'train_loss': tensor(0.0535, device='cuda:0', grad_fn=<NllLossBackward0>), 'train_acc': 99.314, 'valid_loss': 0.0064680961817502975, 'valid_acc': 0.8205}
2022-06-29 06:47:57,414 INFO 

2022-06-29 06:47:57,419 INFO Epoch: 11, Train Loss: 0.054, Valid Loss: 0.006
2022-06-29 06:47:57,423 INFO Epoch 12
2022-06-29 06:48:50,839 INFO 
Test set: Average loss: 0.0077, Accuracy: 8074/10000 (81%)

2022-06-29 06:48:50,991 INFO Epoch 12 summary: {'epoch': 12, 'train_loss': tensor(0.0007, device='cuda:0', grad_fn=<NllLossBackward0>), 'train_acc': 99.624, 'valid_loss': 0.007709534150362015, 'valid_acc': 0.8074}
2022-06-29 06:48:51,004 INFO 

2022-06-29 06:48:51,021 INFO Epoch: 12, Train Loss: 0.001, Valid Loss: 0.008
2022-06-29 06:48:51,025 INFO Epoch 13
2022-06-29 06:49:44,584 INFO 
Test set: Average loss: 0.0070, Accuracy: 8284/10000 (83%)

2022-06-29 06:49:44,746 INFO Epoch 13 summary: {'epoch': 13, 'train_loss': tensor(0.0032, device='cuda:0', grad_fn=<NllLossBackward0>), 'train_acc': 99.714, 'valid_loss': 0.007024754044413567, 'valid_acc': 0.8284}
2022-06-29 06:49:44,764 INFO 

2022-06-29 06:49:44,771 INFO Epoch: 13, Train Loss: 0.003, Valid Loss: 0.007
2022-06-29 06:49:44,776 INFO Epoch 14
2022-06-29 06:50:38,124 INFO 
Test set: Average loss: 0.0061, Accuracy: 8457/10000 (85%)

2022-06-29 06:50:38,285 INFO Epoch 14 summary: {'epoch': 14, 'train_loss': tensor(0.0023, device='cuda:0', grad_fn=<NllLossBackward0>), 'train_acc': 99.942, 'valid_loss': 0.0060652959018945695, 'valid_acc': 0.8457}
2022-06-29 06:50:38,296 INFO 

2022-06-29 06:50:38,301 INFO Epoch: 14, Train Loss: 0.002, Valid Loss: 0.006
2022-06-29 06:50:38,305 INFO Epoch 15
2022-06-29 06:51:31,748 INFO 
Test set: Average loss: 0.0059, Accuracy: 8509/10000 (85%)

2022-06-29 06:51:31,902 INFO Epoch 15 summary: {'epoch': 15, 'train_loss': tensor(0.0002, device='cuda:0', grad_fn=<NllLossBackward0>), 'train_acc': 99.99, 'valid_loss': 0.005879813438653946, 'valid_acc': 0.8509}
2022-06-29 06:51:31,919 INFO 

2022-06-29 06:51:31,926 INFO Epoch: 15, Train Loss: 0.000, Valid Loss: 0.006
2022-06-29 06:51:31,932 INFO Epoch 16
2022-06-29 06:52:25,575 INFO 
Test set: Average loss: 0.0059, Accuracy: 8515/10000 (85%)

2022-06-29 06:52:25,734 INFO Epoch 16 summary: {'epoch': 16, 'train_loss': tensor(0.0009, device='cuda:0', grad_fn=<NllLossBackward0>), 'train_acc': 100.0, 'valid_loss': 0.0059003507822752, 'valid_acc': 0.8515}
2022-06-29 06:52:25,754 INFO 

2022-06-29 06:52:25,761 INFO Epoch: 16, Train Loss: 0.001, Valid Loss: 0.006
2022-06-29 06:52:25,766 INFO Epoch 17
2022-06-29 06:53:19,055 INFO 
Test set: Average loss: 0.0059, Accuracy: 8530/10000 (85%)

2022-06-29 06:53:19,206 INFO Epoch 17 summary: {'epoch': 17, 'train_loss': tensor(0.0001, device='cuda:0', grad_fn=<NllLossBackward0>), 'train_acc': 100.0, 'valid_loss': 0.005949820676445961, 'valid_acc': 0.853}
2022-06-29 06:53:19,213 INFO 

2022-06-29 06:53:19,217 INFO Epoch: 17, Train Loss: 0.000, Valid Loss: 0.006
2022-06-29 06:53:19,220 INFO Epoch 18
2022-06-29 06:54:12,626 INFO 
Test set: Average loss: 0.0059, Accuracy: 8538/10000 (85%)

2022-06-29 06:54:12,782 INFO Epoch 18 summary: {'epoch': 18, 'train_loss': tensor(0.0002, device='cuda:0', grad_fn=<NllLossBackward0>), 'train_acc': 100.0, 'valid_loss': 0.005922465383261443, 'valid_acc': 0.8538}
2022-06-29 06:54:12,795 INFO 

2022-06-29 06:54:12,812 INFO Epoch: 18, Train Loss: 0.000, Valid Loss: 0.006
2022-06-29 06:54:12,817 INFO Epoch 19
2022-06-29 06:55:06,198 INFO 
Test set: Average loss: 0.0060, Accuracy: 8529/10000 (85%)

2022-06-29 06:55:06,347 INFO Epoch 19 summary: {'epoch': 19, 'train_loss': tensor(0.0002, device='cuda:0', grad_fn=<NllLossBackward0>), 'train_acc': 100.0, 'valid_loss': 0.005985417979955673, 'valid_acc': 0.8529}
2022-06-29 06:55:06,357 INFO 

2022-06-29 06:55:06,363 INFO Epoch: 19, Train Loss: 0.000, Valid Loss: 0.006
2022-06-29 06:55:06,376 INFO Epoch 20
2022-06-29 06:55:59,994 INFO 
Test set: Average loss: 0.0060, Accuracy: 8542/10000 (85%)

2022-06-29 06:56:00,152 INFO Epoch 20 summary: {'epoch': 20, 'train_loss': tensor(6.7938e-05, device='cuda:0', grad_fn=<NllLossBackward0>), 'train_acc': 100.0, 'valid_loss': 0.006043774211406708, 'valid_acc': 0.8542}
2022-06-29 06:56:00,172 INFO 

2022-06-29 06:56:00,179 INFO Epoch: 20, Train Loss: 0.000, Valid Loss: 0.006
2022-06-29 06:56:00,185 INFO Epoch 21
2022-06-29 06:56:53,702 INFO 
Test set: Average loss: 0.0060, Accuracy: 8542/10000 (85%)

2022-06-29 06:56:53,858 INFO Epoch 21 summary: {'epoch': 21, 'train_loss': tensor(0.0007, device='cuda:0', grad_fn=<NllLossBackward0>), 'train_acc': 100.0, 'valid_loss': 0.006036949515342713, 'valid_acc': 0.8542}
2022-06-29 06:56:53,874 INFO 

2022-06-29 06:56:53,878 INFO Epoch: 21, Train Loss: 0.001, Valid Loss: 0.006
2022-06-29 06:56:53,883 INFO Epoch 22
2022-06-29 06:57:47,283 INFO 
Test set: Average loss: 0.0060, Accuracy: 8535/10000 (85%)

2022-06-29 06:57:47,438 INFO Epoch 22 summary: {'epoch': 22, 'train_loss': tensor(0.0004, device='cuda:0', grad_fn=<NllLossBackward0>), 'train_acc': 100.0, 'valid_loss': 0.006020240867137909, 'valid_acc': 0.8535}
2022-06-29 06:57:47,459 INFO 

2022-06-29 06:57:47,468 INFO Epoch: 22, Train Loss: 0.000, Valid Loss: 0.006
2022-06-29 06:57:47,472 INFO Epoch 23
2022-06-29 06:58:41,134 INFO 
Test set: Average loss: 0.0060, Accuracy: 8529/10000 (85%)

2022-06-29 06:58:41,294 INFO Epoch 23 summary: {'epoch': 23, 'train_loss': tensor(0.0003, device='cuda:0', grad_fn=<NllLossBackward0>), 'train_acc': 100.0, 'valid_loss': 0.005951076009869575, 'valid_acc': 0.8529}
2022-06-29 06:58:41,302 INFO 

2022-06-29 06:58:41,307 INFO Epoch: 23, Train Loss: 0.000, Valid Loss: 0.006
2022-06-29 06:58:41,310 INFO Epoch 24
2022-06-29 06:59:34,693 INFO 
Test set: Average loss: 0.0060, Accuracy: 8551/10000 (86%)

2022-06-29 06:59:34,840 INFO Epoch 24 summary: {'epoch': 24, 'train_loss': tensor(0.0002, device='cuda:0', grad_fn=<NllLossBackward0>), 'train_acc': 100.0, 'valid_loss': 0.005974878785014153, 'valid_acc': 0.8551}
2022-06-29 06:59:34,847 INFO 

2022-06-29 06:59:34,859 INFO Epoch: 24, Train Loss: 0.000, Valid Loss: 0.006
2022-06-29 06:59:34,867 INFO Epoch 25
2022-06-29 07:00:28,202 INFO 
Test set: Average loss: 0.0060, Accuracy: 8538/10000 (85%)

2022-06-29 07:00:28,353 INFO Epoch 25 summary: {'epoch': 25, 'train_loss': tensor(9.5930e-05, device='cuda:0', grad_fn=<NllLossBackward0>), 'train_acc': 100.0, 'valid_loss': 0.005960934748873115, 'valid_acc': 0.8538}
2022-06-29 07:00:28,375 INFO 

2022-06-29 07:00:28,380 INFO Epoch: 25, Train Loss: 0.000, Valid Loss: 0.006
2022-06-29 07:00:28,384 INFO Epoch 26
2022-06-29 07:01:21,985 INFO 
Test set: Average loss: 0.0061, Accuracy: 8540/10000 (85%)

2022-06-29 07:01:22,135 INFO Epoch 26 summary: {'epoch': 26, 'train_loss': tensor(4.7878e-05, device='cuda:0', grad_fn=<NllLossBackward0>), 'train_acc': 100.0, 'valid_loss': 0.0060603438854217526, 'valid_acc': 0.854}
2022-06-29 07:01:22,143 INFO 

2022-06-29 07:01:22,149 INFO Epoch: 26, Train Loss: 0.000, Valid Loss: 0.006
2022-06-29 07:01:22,152 INFO Epoch 27
2022-06-29 07:02:15,590 INFO 
Test set: Average loss: 0.0060, Accuracy: 8542/10000 (85%)

2022-06-29 07:02:15,744 INFO Epoch 27 summary: {'epoch': 27, 'train_loss': tensor(7.4848e-05, device='cuda:0', grad_fn=<NllLossBackward0>), 'train_acc': 100.0, 'valid_loss': 0.006043723821640015, 'valid_acc': 0.8542}
2022-06-29 07:02:15,764 INFO 

2022-06-29 07:02:15,772 INFO Epoch: 27, Train Loss: 0.000, Valid Loss: 0.006
2022-06-29 07:02:15,778 INFO Epoch 28
2022-06-29 07:03:09,410 INFO 
Test set: Average loss: 0.0060, Accuracy: 8546/10000 (85%)

2022-06-29 07:03:09,563 INFO Epoch 28 summary: {'epoch': 28, 'train_loss': tensor(0.0003, device='cuda:0', grad_fn=<NllLossBackward0>), 'train_acc': 100.0, 'valid_loss': 0.005968214856088162, 'valid_acc': 0.8546}
2022-06-29 07:03:09,570 INFO 

2022-06-29 07:03:09,576 INFO Epoch: 28, Train Loss: 0.000, Valid Loss: 0.006
2022-06-29 07:03:09,580 INFO Epoch 29
2022-06-29 07:04:02,910 INFO 
Test set: Average loss: 0.0060, Accuracy: 8544/10000 (85%)

2022-06-29 07:04:03,064 INFO Epoch 29 summary: {'epoch': 29, 'train_loss': tensor(0.0003, device='cuda:0', grad_fn=<NllLossBackward0>), 'train_acc': 100.0, 'valid_loss': 0.006045761722326279, 'valid_acc': 0.8544}
2022-06-29 07:04:03,080 INFO 

2022-06-29 07:04:03,084 INFO Epoch: 29, Train Loss: 0.000, Valid Loss: 0.006
2022-06-29 07:04:03,089 INFO Epoch 30
2022-06-29 07:04:57,060 INFO 
Test set: Average loss: 0.0060, Accuracy: 8552/10000 (86%)

2022-06-29 07:04:57,204 INFO Epoch 30 summary: {'epoch': 30, 'train_loss': tensor(0.0002, device='cuda:0', grad_fn=<NllLossBackward0>), 'train_acc': 100.0, 'valid_loss': 0.006029023730754852, 'valid_acc': 0.8552}
2022-06-29 07:04:57,220 INFO 

2022-06-29 07:04:57,226 INFO Epoch: 30, Train Loss: 0.000, Valid Loss: 0.006
2022-06-29 07:04:57,228 INFO Epoch 31
2022-06-29 07:05:50,580 INFO 
Test set: Average loss: 0.0061, Accuracy: 8546/10000 (85%)

2022-06-29 07:05:50,738 INFO Epoch 31 summary: {'epoch': 31, 'train_loss': tensor(5.4215e-05, device='cuda:0', grad_fn=<NllLossBackward0>), 'train_acc': 100.0, 'valid_loss': 0.006141677382588386, 'valid_acc': 0.8546}
2022-06-29 07:05:50,751 INFO 

2022-06-29 07:05:50,757 INFO Epoch: 31, Train Loss: 0.000, Valid Loss: 0.006
2022-06-29 07:05:50,763 INFO Epoch 32
2022-06-29 07:06:44,051 INFO 
Test set: Average loss: 0.0060, Accuracy: 8543/10000 (85%)

2022-06-29 07:06:44,212 INFO Epoch 32 summary: {'epoch': 32, 'train_loss': tensor(0.0002, device='cuda:0', grad_fn=<NllLossBackward0>), 'train_acc': 100.0, 'valid_loss': 0.0060098612487316135, 'valid_acc': 0.8543}
2022-06-29 07:06:44,228 INFO 

2022-06-29 07:06:44,233 INFO Epoch: 32, Train Loss: 0.000, Valid Loss: 0.006
2022-06-29 07:06:44,236 INFO Epoch 33
2022-06-29 07:07:37,517 INFO 
Test set: Average loss: 0.0060, Accuracy: 8556/10000 (86%)

2022-06-29 07:07:37,668 INFO Epoch 33 summary: {'epoch': 33, 'train_loss': tensor(0.0001, device='cuda:0', grad_fn=<NllLossBackward0>), 'train_acc': 100.0, 'valid_loss': 0.006012939730286598, 'valid_acc': 0.8556}
2022-06-29 07:07:37,681 INFO 

2022-06-29 07:07:37,698 INFO Epoch: 33, Train Loss: 0.000, Valid Loss: 0.006
2022-06-29 07:07:37,701 INFO Epoch 34
2022-06-29 07:08:30,895 INFO 
Test set: Average loss: 0.0060, Accuracy: 8535/10000 (85%)

2022-06-29 07:08:31,048 INFO Epoch 34 summary: {'epoch': 34, 'train_loss': tensor(0.0002, device='cuda:0', grad_fn=<NllLossBackward0>), 'train_acc': 100.0, 'valid_loss': 0.006022936329245567, 'valid_acc': 0.8535}
2022-06-29 07:08:31,056 INFO 

2022-06-29 07:08:31,062 INFO Epoch: 34, Train Loss: 0.000, Valid Loss: 0.006
2022-06-29 07:08:31,067 INFO Epoch 35
2022-06-29 07:09:24,382 INFO 
Test set: Average loss: 0.0060, Accuracy: 8551/10000 (86%)

2022-06-29 07:09:24,524 INFO Epoch 35 summary: {'epoch': 35, 'train_loss': tensor(8.9785e-05, device='cuda:0', grad_fn=<NllLossBackward0>), 'train_acc': 100.0, 'valid_loss': 0.006017296925187111, 'valid_acc': 0.8551}
2022-06-29 07:09:24,532 INFO 

2022-06-29 07:09:24,535 INFO Epoch: 35, Train Loss: 0.000, Valid Loss: 0.006
2022-06-29 07:09:24,538 INFO Epoch 36
2022-06-29 07:10:18,009 INFO 
Test set: Average loss: 0.0060, Accuracy: 8555/10000 (86%)

2022-06-29 07:10:18,173 INFO Epoch 36 summary: {'epoch': 36, 'train_loss': tensor(0.0002, device='cuda:0', grad_fn=<NllLossBackward0>), 'train_acc': 100.0, 'valid_loss': 0.006035619467496872, 'valid_acc': 0.8555}
2022-06-29 07:10:18,185 INFO 

2022-06-29 07:10:18,190 INFO Epoch: 36, Train Loss: 0.000, Valid Loss: 0.006
2022-06-29 07:10:18,194 INFO Epoch 37
2022-06-29 07:11:11,459 INFO 
Test set: Average loss: 0.0061, Accuracy: 8548/10000 (85%)

2022-06-29 07:11:11,607 INFO Epoch 37 summary: {'epoch': 37, 'train_loss': tensor(0.0004, device='cuda:0', grad_fn=<NllLossBackward0>), 'train_acc': 100.0, 'valid_loss': 0.006085070666670799, 'valid_acc': 0.8548}
2022-06-29 07:11:11,614 INFO 

2022-06-29 07:11:11,626 INFO Epoch: 37, Train Loss: 0.000, Valid Loss: 0.006
2022-06-29 07:11:11,629 INFO Epoch 38
2022-06-29 07:12:04,917 INFO 
Test set: Average loss: 0.0060, Accuracy: 8556/10000 (86%)

2022-06-29 07:12:05,066 INFO Epoch 38 summary: {'epoch': 38, 'train_loss': tensor(4.1012e-05, device='cuda:0', grad_fn=<NllLossBackward0>), 'train_acc': 100.0, 'valid_loss': 0.006032346734404564, 'valid_acc': 0.8556}
2022-06-29 07:12:05,079 INFO 

2022-06-29 07:12:05,088 INFO Epoch: 38, Train Loss: 0.000, Valid Loss: 0.006
2022-06-29 07:12:05,096 INFO Epoch 39
2022-06-29 07:12:58,356 INFO 
Test set: Average loss: 0.0061, Accuracy: 8556/10000 (86%)

2022-06-29 07:12:58,505 INFO Epoch 39 summary: {'epoch': 39, 'train_loss': tensor(0.0002, device='cuda:0', grad_fn=<NllLossBackward0>), 'train_acc': 100.0, 'valid_loss': 0.006127923184633255, 'valid_acc': 0.8556}
2022-06-29 07:12:58,522 INFO 

2022-06-29 07:12:58,525 INFO Epoch: 39, Train Loss: 0.000, Valid Loss: 0.006
2022-06-29 07:12:58,528 INFO Epoch 40
2022-06-29 07:13:51,794 INFO 
Test set: Average loss: 0.0060, Accuracy: 8543/10000 (85%)

2022-06-29 07:13:51,943 INFO Epoch 40 summary: {'epoch': 40, 'train_loss': tensor(7.3857e-05, device='cuda:0', grad_fn=<NllLossBackward0>), 'train_acc': 100.0, 'valid_loss': 0.006026756489276886, 'valid_acc': 0.8543}
2022-06-29 07:13:51,962 INFO 

2022-06-29 07:13:51,968 INFO Epoch: 40, Train Loss: 0.000, Valid Loss: 0.006
2022-06-29 07:13:51,975 INFO Epoch 41
2022-06-29 07:14:45,532 INFO 
Test set: Average loss: 0.0060, Accuracy: 8541/10000 (85%)

2022-06-29 07:14:45,685 INFO Epoch 41 summary: {'epoch': 41, 'train_loss': tensor(0.0002, device='cuda:0', grad_fn=<NllLossBackward0>), 'train_acc': 100.0, 'valid_loss': 0.006026720806956291, 'valid_acc': 0.8541}
2022-06-29 07:14:45,705 INFO 

2022-06-29 07:14:45,713 INFO Epoch: 41, Train Loss: 0.000, Valid Loss: 0.006
2022-06-29 07:14:45,717 INFO Epoch 42
2022-06-29 07:15:38,978 INFO 
Test set: Average loss: 0.0061, Accuracy: 8552/10000 (86%)

2022-06-29 07:15:39,129 INFO Epoch 42 summary: {'epoch': 42, 'train_loss': tensor(0.0001, device='cuda:0', grad_fn=<NllLossBackward0>), 'train_acc': 100.0, 'valid_loss': 0.006099183109402656, 'valid_acc': 0.8552}
2022-06-29 07:15:39,139 INFO 

2022-06-29 07:15:39,145 INFO Epoch: 42, Train Loss: 0.000, Valid Loss: 0.006
2022-06-29 07:15:39,151 INFO Epoch 43
2022-06-29 07:16:32,360 INFO 
Test set: Average loss: 0.0061, Accuracy: 8526/10000 (85%)

2022-06-29 07:16:32,506 INFO Epoch 43 summary: {'epoch': 43, 'train_loss': tensor(0.0007, device='cuda:0', grad_fn=<NllLossBackward0>), 'train_acc': 100.0, 'valid_loss': 0.006068710672855377, 'valid_acc': 0.8526}
2022-06-29 07:16:32,513 INFO 

2022-06-29 07:16:32,516 INFO Epoch: 43, Train Loss: 0.001, Valid Loss: 0.006
2022-06-29 07:16:32,519 INFO Epoch 44
2022-06-29 07:17:25,839 INFO 
Test set: Average loss: 0.0060, Accuracy: 8559/10000 (86%)

2022-06-29 07:17:25,991 INFO Epoch 44 summary: {'epoch': 44, 'train_loss': tensor(0.0002, device='cuda:0', grad_fn=<NllLossBackward0>), 'train_acc': 100.0, 'valid_loss': 0.006000310432910919, 'valid_acc': 0.8559}
2022-06-29 07:17:26,009 INFO 

2022-06-29 07:17:26,013 INFO Epoch: 44, Train Loss: 0.000, Valid Loss: 0.006
2022-06-29 07:17:26,015 INFO Epoch 45
2022-06-29 07:18:19,426 INFO 
Test set: Average loss: 0.0060, Accuracy: 8555/10000 (86%)

2022-06-29 07:18:19,586 INFO Epoch 45 summary: {'epoch': 45, 'train_loss': tensor(0.0002, device='cuda:0', grad_fn=<NllLossBackward0>), 'train_acc': 100.0, 'valid_loss': 0.006032238158583641, 'valid_acc': 0.8555}
2022-06-29 07:18:19,602 INFO 

2022-06-29 07:18:19,607 INFO Epoch: 45, Train Loss: 0.000, Valid Loss: 0.006
2022-06-29 07:18:19,611 INFO Epoch 46
2022-06-29 07:19:12,877 INFO 
Test set: Average loss: 0.0061, Accuracy: 8550/10000 (86%)

2022-06-29 07:19:13,024 INFO Epoch 46 summary: {'epoch': 46, 'train_loss': tensor(7.3860e-05, device='cuda:0', grad_fn=<NllLossBackward0>), 'train_acc': 100.0, 'valid_loss': 0.00609738062620163, 'valid_acc': 0.855}
2022-06-29 07:19:13,038 INFO 

2022-06-29 07:19:13,043 INFO Epoch: 46, Train Loss: 0.000, Valid Loss: 0.006
2022-06-29 07:19:13,050 INFO Epoch 47
2022-06-29 07:20:06,422 INFO 
Test set: Average loss: 0.0061, Accuracy: 8554/10000 (86%)

2022-06-29 07:20:06,569 INFO Epoch 47 summary: {'epoch': 47, 'train_loss': tensor(8.6323e-05, device='cuda:0', grad_fn=<NllLossBackward0>), 'train_acc': 100.0, 'valid_loss': 0.00609350004196167, 'valid_acc': 0.8554}
2022-06-29 07:20:06,577 INFO 

2022-06-29 07:20:06,591 INFO Epoch: 47, Train Loss: 0.000, Valid Loss: 0.006
2022-06-29 07:20:06,599 INFO Epoch 48
2022-06-29 07:20:59,883 INFO 
Test set: Average loss: 0.0060, Accuracy: 8540/10000 (85%)

2022-06-29 07:21:00,031 INFO Epoch 48 summary: {'epoch': 48, 'train_loss': tensor(0.0002, device='cuda:0', grad_fn=<NllLossBackward0>), 'train_acc': 100.0, 'valid_loss': 0.006021481013298035, 'valid_acc': 0.854}
2022-06-29 07:21:00,046 INFO 

2022-06-29 07:21:00,050 INFO Epoch: 48, Train Loss: 0.000, Valid Loss: 0.006
2022-06-29 07:21:00,054 INFO Epoch 49
2022-06-29 07:21:53,513 INFO 
Test set: Average loss: 0.0061, Accuracy: 8542/10000 (85%)

2022-06-29 07:21:53,707 INFO Epoch 49 summary: {'epoch': 49, 'train_loss': tensor(5.2228e-05, device='cuda:0', grad_fn=<NllLossBackward0>), 'train_acc': 100.0, 'valid_loss': 0.006068985235691071, 'valid_acc': 0.8542}
2022-06-29 07:21:53,720 INFO 

2022-06-29 07:21:53,724 INFO Epoch: 49, Train Loss: 0.000, Valid Loss: 0.006
